<?xml version="1.0" encoding="UTF-8"?>
<!-- Generated by org.testng.reporters.JUnitReportReporter -->
<testsuite hostname="DESKTOP-K5DU2E2" failures="0" tests="5" name="swaglab.test.Login_Test" time="6.455" errors="0" timestamp="2022-11-17T17:29:07 IST" skipped="0">
  <testcase classname="swaglab.test.Login_Test" name="verifyTitle" time="0.169"/>
  <system-out/>
  <testcase classname="swaglab.test.Login_Test" name="wrongDatawithLogin" time="4.654"/>
  <system-out/>
  <testcase classname="swaglab.test.Login_Test" name="loginwithvaliddata" time="1.178"/>
  <system-out/>
  <testcase classname="swaglab.test.Login_Test" name="clickonmenubutton" time="0.194"/>
  <system-out/>
  <testcase classname="swaglab.test.Login_Test" name="clickonLogout" time="0.260"/>
  <system-out/>
</testsuite> <!-- swaglab.test.Login_Test -->
