<?xml version="1.0" encoding="UTF-8"?>
<!-- Generated by org.testng.reporters.JUnitReportReporter -->
<testsuite hostname="DESKTOP-K5DU2E2" failures="0" tests="5" name="swaglab.test.Login_Test" time="4.598" errors="0" timestamp="2022-11-18T16:07:56 IST" skipped="0">
  <testcase classname="swaglab.test.Login_Test" name="verifyTitle" time="0.124"/>
  <system-out/>
  <testcase classname="swaglab.test.Login_Test" name="wrongDatawithLogin" time="2.582"/>
  <system-out/>
  <testcase classname="swaglab.test.Login_Test" name="loginwithvaliddata" time="1.609"/>
  <system-out/>
  <testcase classname="swaglab.test.Login_Test" name="clickonmenubutton" time="0.099"/>
  <system-out/>
  <testcase classname="swaglab.test.Login_Test" name="clickonLogout" time="0.184"/>
  <system-out/>
</testsuite> <!-- swaglab.test.Login_Test -->
